<?xml version="1.0" encoding="UTF-8"?>
<testsuite xmlns:xsi="http://www.w3.org/2001/XMLSchema-instance" xsi:noNamespaceSchemaLocation="https://maven.apache.org/surefire/maven-surefire-plugin/xsd/surefire-test-report.xsd" name="bean.MessageTest" time="0.055" tests="4" errors="0" skipped="0" failures="0">
  <properties>
[...]
</properties>
  <testcase name="getTime" classname="bean.MessageTest" time="0.005"/>
  <testcase name="getInformation" classname="bean.MessageTest" time="0"/>
  <testcase name="getUserName" classname="bean.MessageTest" time="0"/>
  <testcase name="getImage" classname="bean.MessageTest" time="0.001"/>
</testsuite>